<?xml version="1.0" encoding="UTF-8"?>
<!-- Generated by org.testng.reporters.JUnitReportReporter -->
<testsuite hostname="LAPTOP-CSA1ESDA" failures="0" tests="1" name="com.smart.dataprovider.TestExcelDataProvider1" time="0.000" errors="0" timestamp="2024-01-02T12:45:23 EST" skipped="1">
  <testcase classname="com.smart.dataprovider.TestExcelDataProvider1" name="loginTest" time="0.000">
    <skipped/>
  </testcase> <!-- loginTest -->
  <system-out/>
</testsuite> <!-- com.smart.dataprovider.TestExcelDataProvider1 -->
