<?xml version="1.0" encoding="UTF-8"?>
<!-- Generated by org.testng.reporters.JUnitReportReporter -->
<testsuite hostname="LAPTOP-CSA1ESDA" failures="0" tests="3" name="com.qa.testNg.AnnotationTest" time="0.008" errors="0" timestamp="2023-12-29T16:14:23 EST" skipped="0">
  <testcase classname="com.qa.testNg.AnnotationTest" name="testMethod1" time="0.004"/>
  <testcase classname="com.qa.testNg.AnnotationTest" name="testMethod2" time="0.002"/>
  <testcase classname="com.qa.testNg.AnnotationTest" name="testMethod3" time="0.002"/>
</testsuite> <!-- com.qa.testNg.AnnotationTest -->
