<?xml version="1.0" encoding="UTF-8"?>
<!-- Generated by org.testng.reporters.JUnitReportReporter -->
<testsuite hostname="LAPTOP-CSA1ESDA" failures="0" tests="4" name="com.smart.group.GroupTest" time="0.013" errors="0" timestamp="2023-12-29T17:53:45 EST" skipped="0">
  <testcase classname="com.smart.group.GroupTest" name="testMethod3" time="0.000"/>
  <testcase classname="com.smart.group.GroupTest" name="testMethod11" time="0.001"/>
  <testcase classname="com.smart.group.GroupTest" name="testMethod8" time="0.001"/>
  <testcase classname="com.smart.group.GroupTest" name="testMethod1" time="0.011"/>
</testsuite> <!-- com.smart.group.GroupTest -->
