<?xml version="1.0" encoding="UTF-8"?>
<!-- Generated by org.testng.reporters.JUnitReportReporter -->
<testsuite hostname="LAPTOP-CSA1ESDA" failures="0" tests="5" name="com.smart.prioritization.PricelineTest" time="0.009" errors="0" timestamp="2023-12-26T00:27:48 EST" skipped="1">
  <testcase classname="com.smart.prioritization.PricelineTest" name="login" time="0.008"/>
  <testcase classname="com.smart.prioritization.PricelineTest" name="searchFlight" time="0.001"/>
  <testcase classname="com.smart.prioritization.PricelineTest" name="checkout" time="0.000"/>
  <testcase classname="com.smart.prioritization.PricelineTest" name="logout" time="0.000"/>
  <testcase classname="com.smart.prioritization.PricelineTest" name="createAccount">
    <skipped/>
  </testcase> <!-- createAccount -->
</testsuite> <!-- com.smart.prioritization.PricelineTest -->
