<?xml version="1.0" encoding="UTF-8"?>
<!-- Generated by org.testng.reporters.JUnitReportReporter -->
<testsuite hostname="LAPTOP-CSA1ESDA" failures="0" tests="1" name="com.smart.group.TestClass" time="4.158" errors="0" timestamp="2023-12-29T17:53:45 EST" skipped="0">
  <testcase classname="com.smart.group.TestClass" name="testFacebook" time="4.158"/>
</testsuite> <!-- com.smart.group.TestClass -->
