<?xml version="1.0" encoding="UTF-8"?>
<!-- Generated by org.testng.reporters.JUnitReportReporter -->
<testsuite hostname="LAPTOP-CSA1ESDA" failures="0" tests="3" name="com.qa.testNg.ClassTwo" time="10.844" errors="0" timestamp="2023-12-17T14:21:41 EST" skipped="0">
  <testcase classname="com.qa.testNg.ClassTwo" name="loginTotheApplication" time="1.886"/>
  <testcase classname="com.qa.testNg.ClassTwo" name="validateLogin" time="0.889"/>
  <testcase classname="com.qa.testNg.ClassTwo" name="launchApplication" time="8.069"/>
</testsuite> <!-- com.qa.testNg.ClassTwo -->
