<?xml version="1.0" encoding="UTF-8"?>
<!-- Generated by org.testng.reporters.JUnitReportReporter -->
<testsuite hostname="LAPTOP-CSA1ESDA" failures="0" tests="7" name="com.smart.parameters.OrangeHRMTest" time="18.357" errors="0" timestamp="2023-12-23T13:49:18 EST" skipped="0">
  <testcase classname="com.smart.parameters.OrangeHRMTest" name="loginTotheApplication" time="2.030"/>
  <testcase classname="com.smart.parameters.OrangeHRMTest" name="verifyMyInfo" time="0.429"/>
  <testcase classname="com.smart.parameters.OrangeHRMTest" name="loginTotheApplication" time="1.737"/>
  <testcase classname="com.smart.parameters.OrangeHRMTest" name="validateLogin" time="0.334"/>
  <testcase classname="com.smart.parameters.OrangeHRMTest" name="navigateToMyInfo" time="1.596"/>
  <testcase classname="com.smart.parameters.OrangeHRMTest" name="launchApplication" time="5.365"/>
  <testcase classname="com.smart.parameters.OrangeHRMTest" name="launchApplication" time="6.866"/>
</testsuite> <!-- com.smart.parameters.OrangeHRMTest -->
