<?xml version="1.0" encoding="UTF-8"?>
<!-- Generated by org.testng.reporters.JUnitReportReporter -->
<testsuite hostname="LAPTOP-CSA1ESDA" failures="0" tests="3" name="com.smart.dataprovider.TestDataProvider2" time="0.014" errors="0" timestamp="2023-12-30T11:49:05 EST" skipped="0">
  <testcase classname="com.smart.dataprovider.TestDataProvider2" name="loginTest" time="0.003"/>
  <testcase classname="com.smart.dataprovider.TestDataProvider2" name="loginTest" time="0.009"/>
  <testcase classname="com.smart.dataprovider.TestDataProvider2" name="loginTest" time="0.002"/>
</testsuite> <!-- com.smart.dataprovider.TestDataProvider2 -->
