<?xml version="1.0" encoding="UTF-8"?>
<!-- Generated by org.testng.reporters.JUnitReportReporter -->
<testsuite hostname="LAPTOP-CSA1ESDA" failures="0" tests="2" name="com.qa.testNg.Annotations" time="0.012" errors="0" timestamp="2023-12-17T13:53:33 EST" skipped="0">
  <testcase classname="com.qa.testNg.Annotations" name="testOne" time="0.007"/>
  <testcase classname="com.qa.testNg.Annotations" name="testTwo" time="0.005"/>
</testsuite> <!-- com.qa.testNg.Annotations -->
