<?xml version="1.0" encoding="UTF-8"?>
<!-- Generated by org.testng.reporters.JUnitReportReporter -->
<testsuite hostname="LAPTOP-CSA1ESDA" failures="0" tests="3" name="com.smart.parameters.TestParameters" time="7.667" errors="0" timestamp="2023-12-29T16:36:48 EST" skipped="0">
  <testcase classname="com.smart.parameters.TestParameters" name="testGoogle" time="1.704"/>
  <testcase classname="com.smart.parameters.TestParameters" name="testOrangeHRM" time="3.557"/>
  <testcase classname="com.smart.parameters.TestParameters" name="testFacebook" time="2.406"/>
</testsuite> <!-- com.smart.parameters.TestParameters -->
