<?xml version="1.0" encoding="UTF-8"?>
<!-- Generated by org.testng.reporters.JUnitReportReporter -->
<testsuite hostname="LAPTOP-CSA1ESDA" failures="0" tests="2" name="com.qa.testNg.ClassOne" time="12.733" errors="0" timestamp="2023-12-17T12:42:30 EST" skipped="0">
  <testcase classname="com.qa.testNg.ClassOne" name="facebookTest" time="6.684"/>
  <testcase classname="com.qa.testNg.ClassOne" name="googleTest" time="6.049"/>
</testsuite> <!-- com.qa.testNg.ClassOne -->
