<?xml version="1.0" encoding="UTF-8"?>
<!-- Generated by org.testng.reporters.JUnitReportReporter -->
<testsuite hostname="LAPTOP-CSA1ESDA" failures="0" tests="8" name="com.smart.dataprovider.TestDataProvider3" time="0.020" errors="0" timestamp="2023-12-30T11:41:40 EST" skipped="0">
  <testcase classname="com.smart.dataprovider.TestDataProvider3" name="loginTest" time="0.002"/>
  <testcase classname="com.smart.dataprovider.TestDataProvider3" name="loginTest" time="0.001"/>
  <testcase classname="com.smart.dataprovider.TestDataProvider3" name="loginTest" time="0.001"/>
  <testcase classname="com.smart.dataprovider.TestDataProvider3" name="loginTest" time="0.009"/>
  <testcase classname="com.smart.dataprovider.TestDataProvider3" name="loginTest" time="0.001"/>
  <testcase classname="com.smart.dataprovider.TestDataProvider3" name="loginTest" time="0.002"/>
  <testcase classname="com.smart.dataprovider.TestDataProvider3" name="loginTest" time="0.001"/>
  <testcase classname="com.smart.dataprovider.TestDataProvider3" name="loginTest" time="0.003"/>
</testsuite> <!-- com.smart.dataprovider.TestDataProvider3 -->
