<?xml version="1.0" encoding="UTF-8"?>
<!-- Generated by org.testng.reporters.JUnitReportReporter -->
<testsuite hostname="LAPTOP-CSA1ESDA" failures="0" tests="7" name="com.smart.prioritization.PriorityTest" time="0.016" errors="0" timestamp="2023-12-29T17:16:14 EST" skipped="0">
  <testcase classname="com.smart.prioritization.PriorityTest" name="testMethod6" time="0.009"/>
  <testcase classname="com.smart.prioritization.PriorityTest" name="testMethod7" time="0.002"/>
  <testcase classname="com.smart.prioritization.PriorityTest" name="testMethod4" time="0.001"/>
  <testcase classname="com.smart.prioritization.PriorityTest" name="testMethod2" time="0.001"/>
  <testcase classname="com.smart.prioritization.PriorityTest" name="testMethod5" time="0.001"/>
  <testcase classname="com.smart.prioritization.PriorityTest" name="testMethod3" time="0.002"/>
  <testcase classname="com.smart.prioritization.PriorityTest" name="testMethod1" time="0.000"/>
</testsuite> <!-- com.smart.prioritization.PriorityTest -->
