<?xml version="1.0" encoding="UTF-8"?>
<!-- Generated by org.testng.reporters.JUnitReportReporter -->
<testsuite hostname="LAPTOP-CSA1ESDA" failures="0" tests="1" name="com.smart.dataprovider.LoginTest2" time="0.000" errors="0" timestamp="2023-12-30T14:31:02 EST" skipped="1">
  <testcase classname="com.smart.dataprovider.LoginTest2" name="testLogin" time="0.000">
    <skipped/>
  </testcase> <!-- testLogin -->
  <system-out/>
</testsuite> <!-- com.smart.dataprovider.LoginTest2 -->
