<?xml version="1.0" encoding="UTF-8"?>
<!-- Generated by org.testng.reporters.JUnitReportReporter -->
<testsuite hostname="LAPTOP-CSA1ESDA" failures="0" tests="2" name="com.smart.group2.TestClass" time="7.499" errors="0" timestamp="2023-12-30T11:05:43 EST" skipped="0">
  <testcase classname="com.smart.group2.TestClass" name="testGoogle" time="4.514"/>
  <testcase classname="com.smart.group2.TestClass" name="testFacebook" time="2.985"/>
</testsuite> <!-- com.smart.group2.TestClass -->
