<?xml version="1.0" encoding="UTF-8"?>
<!-- Generated by org.testng.reporters.JUnitReportReporter -->
<testsuite hostname="LAPTOP-CSA1ESDA" failures="0" tests="4" name="com.smart.dataprovider.TestClass" time="37.144" errors="0" timestamp="2023-12-30T14:55:36 EST" skipped="0">
  <testcase classname="com.smart.dataprovider.TestClass" name="testGoogle" time="7.240"/>
  <system-out/>
  <testcase classname="com.smart.dataprovider.TestClass" name="testGoogle" time="8.815"/>
  <system-out/>
  <testcase classname="com.smart.dataprovider.TestClass" name="testGoogle" time="10.693"/>
  <system-out/>
  <testcase classname="com.smart.dataprovider.TestClass" name="testGoogle" time="10.396"/>
  <system-out/>
</testsuite> <!-- com.smart.dataprovider.TestClass -->
