<?xml version="1.0" encoding="UTF-8"?>
<!-- Generated by org.testng.reporters.JUnitReportReporter -->
<testsuite hostname="LAPTOP-CSA1ESDA" failures="0" tests="6" name="com.smart.invocationCount.TestInvocation" time="30.506" errors="0" timestamp="2023-12-30T15:38:13 EST" skipped="0">
  <testcase classname="com.smart.invocationCount.TestInvocation" name="testMethod" time="4.442"/>
  <system-out/>
  <testcase classname="com.smart.invocationCount.TestInvocation" name="testMethod" time="6.228"/>
  <system-out/>
  <testcase classname="com.smart.invocationCount.TestInvocation" name="testMethod" time="4.431"/>
  <system-out/>
  <testcase classname="com.smart.invocationCount.TestInvocation" name="testMethod" time="6.252"/>
  <system-out/>
  <testcase classname="com.smart.invocationCount.TestInvocation" name="testMethod" time="4.612"/>
  <system-out/>
  <testcase classname="com.smart.invocationCount.TestInvocation" name="testMethod" time="4.541"/>
  <system-out/>
</testsuite> <!-- com.smart.invocationCount.TestInvocation -->
