<?xml version="1.0" encoding="UTF-8"?>
<!-- Generated by org.testng.reporters.JUnitReportReporter -->
<testsuite hostname="LAPTOP-CSA1ESDA" failures="0" tests="3" name="com.smart.group.PricelineTest" time="0.005" errors="0" timestamp="2023-12-26T15:40:39 EST" skipped="0">
  <testcase classname="com.smart.group.PricelineTest" name="logout" time="0.000"/>
  <testcase classname="com.smart.group.PricelineTest" name="createAccount" time="0.004"/>
  <testcase classname="com.smart.group.PricelineTest" name="login" time="0.001"/>
</testsuite> <!-- com.smart.group.PricelineTest -->
